<?xml version="1.0" encoding="UTF-8"?>
<!-- Generated by org.testng.reporters.JUnitReportReporter -->
<testsuite skipped="0" hostname="P3ALAP-FFGKPN2" name="com.tests.ExtextReportTest" tests="1" failures="0" timestamp="11 Apr 2019 12:19:57 GMT" time="37.812" errors="0">
  <testcase name="test" time="37.812" classname="com.tests.ExtextReportTest"/>
</testsuite> <!-- com.tests.ExtextReportTest -->
