<?xml version="1.0" encoding="UTF-8"?>
<!-- Generated by org.testng.reporters.JUnitReportReporter -->
<testsuite skipped="0" hostname="P3ALAP-FFGKPN2" name="basic.Cucumber.AddProduct" tests="1" failures="0" timestamp="28 Apr 2019 06:10:10 GMT" time="6.970" errors="0">
  <testcase name="f" time="6.970" classname="basic.Cucumber.AddProduct"/>
</testsuite> <!-- basic.Cucumber.AddProduct -->
