<?xml version="1.0" encoding="UTF-8"?>
<!-- Generated by org.testng.reporters.JUnitReportReporter -->
<testsuite skipped="0" hostname="P3ALAP-FFGKPN2" name="com.test.MTTestExtentReport" tests="1" failures="0" timestamp="26 Jul 2018 07:24:23 GMT" time="12.401" errors="0">
  <testcase name="testMT" time="12.401" classname="com.test.MTTestExtentReport"/>
</testsuite> <!-- com.test.MTTestExtentReport -->
