<?xml version="1.0" encoding="UTF-8"?>
<!-- Generated by org.testng.reporters.JUnitReportReporter -->
<testsuite skipped="0" hostname="P3ALAP-FFGKPN2" name="com.test.MTTest" tests="1" failures="0" timestamp="26 Jul 2018 07:12:48 GMT" time="18.677" errors="0">
  <testcase name="testMT" time="18.677" classname="com.test.MTTest"/>
</testsuite> <!-- com.test.MTTest -->
